<?xml version="1.0" encoding="UTF-8"?>
<testng-results ignored="0" total="1" passed="1" failed="0" skipped="0">
  <reporter-output>
    <line>
      <![CDATA[The empty browser is Launched]]>
    </line>
    <line>
      <![CDATA[Browser window is Maximized]]>
    </line>
    <line>
      <![CDATA[Welcome page is displayed]]>
    </line>
    <line>
      <![CDATA[Login page is displayed]]>
    </line>
    <line>
      <![CDATA[User Login was Sucessfull and Home page is displayed]]>
    </line>
    <line>
      <![CDATA[Profile page is displayed]]>
    </line>
    <line>
      <![CDATA[My Addresses page is displayed]]>
    </line>
    <line>
      <![CDATA[Address form page is displayed]]>
    </line>
    <line>
      <![CDATA[Successfully added toast message is not displayed]]>
    </line>
    <line>
      <![CDATA[Newly added Address is displayed in My Addresses Page]]>
    </line>
    <line>
      <![CDATA[User Logout was Sucessfull and Welcome Page is displayed]]>
    </line>
    <line>
      <![CDATA[Browser window Closed Sucessfully]]>
    </line>
  </reporter-output>
  <suite started-at="2023-05-23T09:24:51 IST" name="Default suite" finished-at="2023-05-23T09:25:13 IST" duration-ms="22759">
    <groups>
    </groups>
    <test started-at="2023-05-23T09:24:51 IST" name="Default test" finished-at="2023-05-23T09:25:13 IST" duration-ms="22759">
      <class name="TestCases.TC_E2E_04">
        <test-method is-config="true" signature="browserSetUp()[pri:0, instance:TestCases.TC_E2E_04@3f6b0be5]" started-at="2023-05-23T09:24:51 IST" name="browserSetUp" finished-at="2023-05-23T09:25:01 IST" duration-ms="10535" status="PASS">
          <reporter-output>
            <line>
              <![CDATA[The empty browser is Launched]]>
            </line>
            <line>
              <![CDATA[Browser window is Maximized]]>
            </line>
            <line>
              <![CDATA[Welcome page is displayed]]>
            </line>
            <line>
              <![CDATA[Login page is displayed]]>
            </line>
          </reporter-output>
        </test-method> <!-- browserSetUp -->
        <test-method is-config="true" signature="LoginToApplication()[pri:0, instance:TestCases.TC_E2E_04@3f6b0be5]" started-at="2023-05-23T09:25:01 IST" name="LoginToApplication" finished-at="2023-05-23T09:25:03 IST" duration-ms="1499" status="PASS">
          <reporter-output>
            <line>
              <![CDATA[User Login was Sucessfull and Home page is displayed]]>
            </line>
          </reporter-output>
        </test-method> <!-- LoginToApplication -->
        <test-method signature="TestCase()[pri:0, instance:TestCases.TC_E2E_04@3f6b0be5]" started-at="2023-05-23T09:25:03 IST" name="TestCase" finished-at="2023-05-23T09:25:05 IST" duration-ms="2333" status="PASS">
          <reporter-output>
            <line>
              <![CDATA[Profile page is displayed]]>
            </line>
            <line>
              <![CDATA[My Addresses page is displayed]]>
            </line>
            <line>
              <![CDATA[Address form page is displayed]]>
            </line>
            <line>
              <![CDATA[Successfully added toast message is not displayed]]>
            </line>
            <line>
              <![CDATA[Newly added Address is displayed in My Addresses Page]]>
            </line>
          </reporter-output>
        </test-method> <!-- TestCase -->
        <test-method is-config="true" signature="LogoutOfApplication()[pri:0, instance:TestCases.TC_E2E_04@3f6b0be5]" started-at="2023-05-23T09:25:05 IST" name="LogoutOfApplication" finished-at="2023-05-23T09:25:13 IST" duration-ms="7731" status="PASS">
          <reporter-output>
            <line>
              <![CDATA[User Logout was Sucessfull and Welcome Page is displayed]]>
            </line>
          </reporter-output>
        </test-method> <!-- LogoutOfApplication -->
        <test-method is-config="true" signature="browserTearDown()[pri:0, instance:TestCases.TC_E2E_04@3f6b0be5]" started-at="2023-05-23T09:25:13 IST" name="browserTearDown" finished-at="2023-05-23T09:25:13 IST" duration-ms="630" status="PASS">
          <reporter-output>
            <line>
              <![CDATA[Browser window Closed Sucessfully]]>
            </line>
          </reporter-output>
        </test-method> <!-- browserTearDown -->
      </class> <!-- TestCases.TC_E2E_04 -->
    </test> <!-- Default test -->
  </suite> <!-- Default suite -->
</testng-results>
